[1019/150140.344:ERROR:process_memory_win.cc(73)] ReadMemory at 0x7ff6b76f0000 of 64 bytes failed: Only part of a ReadProcessMemory or WriteProcessMemory request was completed. (0x12B)
[1019/150140.345:WARNING:pe_image_reader.cc(340)] could not read dos header from C:\Program Files (x86)\Google\Chrome\Application\chrome.exe
[1019/150140.346:ERROR:process_memory_win.cc(73)] ReadMemory at 0x7ff8276d0000 of 64 bytes failed: Only part of a ReadProcessMemory or WriteProcessMemory request was completed. (0x12B)
[1019/150140.346:WARNING:pe_image_reader.cc(340)] could not read dos header from C:\WINDOWS\SYSTEM32\ntdll.dll
[1019/150140.346:ERROR:process_memory_win.cc(73)] ReadMemory at 0x7ff825a50000 of 64 bytes failed: Only part of a ReadProcessMemory or WriteProcessMemory request was completed. (0x12B)
[1019/150140.346:WARNING:pe_image_reader.cc(340)] could not read dos header from C:\WINDOWS\System32\KERNEL32.DLL
[1019/150140.346:ERROR:process_memory_win.cc(73)] ReadMemory at 0x7ff825410000 of 64 bytes failed: Only part of a ReadProcessMemory or WriteProcessMemory request was completed. (0x12B)
[1019/150140.346:WARNING:pe_image_reader.cc(340)] could not read dos header from C:\WINDOWS\System32\KERNELBASE.dll
[1019/151543.204:ERROR:directory_reader_win.cc(43)] FindFirstFile: The system cannot find the path specified. (0x3)
[1019/175012.096:ERROR:directory_reader_win.cc(43)] FindFirstFile: The system cannot find the path specified. (0x3)
[1019/181203.364:ERROR:directory_reader_win.cc(43)] FindFirstFile: The system cannot find the path specified. (0x3)
[1019/182233.400:ERROR:directory_reader_win.cc(43)] FindFirstFile: The system cannot find the path specified. (0x3)
[1019/184648.923:ERROR:directory_reader_win.cc(43)] FindFirstFile: The system cannot find the path specified. (0x3)
[1019/200431.040:ERROR:directory_reader_win.cc(43)] FindFirstFile: The system cannot find the path specified. (0x3)
[1019/222828.456:ERROR:directory_reader_win.cc(43)] FindFirstFile: The system cannot find the path specified. (0x3)
[1019/224343.698:ERROR:directory_reader_win.cc(43)] FindFirstFile: The system cannot find the path specified. (0x3)
[1020/091703.062:ERROR:directory_reader_win.cc(43)] FindFirstFile: The system cannot find the path specified. (0x3)
[1020/093321.519:ERROR:file_io_win.cc(162)] CreateFile C:\Users\chris\AppData\Local\Temp\karma-47154501\Crashpad\settings.dat: The system cannot find the path specified. (0x3)
[1020/093321.519:ERROR:file_io_win.cc(171)] CreateFile C:\Users\chris\AppData\Local\Temp\karma-47154501\Crashpad\reports\bf35e489-9097-4aa5-b751-7148da18bacf.dmp: The system cannot find the path specified. (0x3)
[1020/093321.519:ERROR:crash_report_exception_handler.cc(99)] PrepareNewCrashReport failed
[1020/094343.585:ERROR:directory_reader_win.cc(43)] FindFirstFile: The system cannot find the path specified. (0x3)
[1020/100617.189:ERROR:directory_reader_win.cc(43)] FindFirstFile: The system cannot find the path specified. (0x3)
[1020/102608.218:ERROR:directory_reader_win.cc(43)] FindFirstFile: The system cannot find the path specified. (0x3)
